Arguments: 
  /usr/bin/node /usr/share/yarn/bin/yarn.js add mongoose

PATH: 
  /home/qthjen-dev/bin:/home/qthjen-dev/.local/bin:/usr/local/sbin:/usr/local/bin:/usr/sbin:/usr/bin:/sbin:/bin:/usr/games:/usr/local/games

Yarn version: 
  1.7.0

Node version: 
  8.11.3

Platform: 
  linux x64

Trace: 
  Error: EACCES: permission denied, mkdir '/home/qthjen-dev/NodeJs/MongooseDemo/node_modules/define-property/node_modules/kind-of'

npm manifest: 
  {
    "name": "mongoosedemo",
    "version": "0.0.0",
    "private": true,
    "scripts": {
      "start": "node ./bin/www"
    },
    "dependencies": {
      "cookie-parser": "~1.4.3",
      "debug": "~2.6.9",
      "ejs": "~2.5.7",
      "express": "~4.16.0",
      "http-errors": "~1.6.2",
      "morgan": "~1.9.0"
    },
    "devDependencies": {
      "nodemon": "^1.18.4"
    }
  }

yarn manifest: 
  No manifest

Lockfile: 
  No lockfile
